============================= test session starts ==============================
platform darwin -- Python 3.9.15, pytest-7.2.0, pluggy-1.0.0
rootdir: /Users/tanishakore/Desktop/IntSys/infra/cds-infrastructure/PokerRL-master
collected 0 items / 1 error

==================================== ERRORS ====================================
_________________ ERROR collecting test/game/test_pokerEnv.py __________________
ImportError while importing test module '/Users/tanishakore/Desktop/IntSys/infra/cds-infrastructure/PokerRL-master/test/game/test_pokerEnv.py'.
Hint: make sure your test modules/packages have valid Python names.
Traceback:
/usr/local/Cellar/python@3.9/3.9.15/Frameworks/Python.framework/Versions/3.9/lib/python3.9/importlib/__init__.py:127: in import_module
    return _bootstrap._gcd_import(name[level:], package, level)
../../PokerRL-master/test/game/test_pokerEnv.py:10: in <module>
    from PokerRL.game.games import NoLimitHoldem
../../PokerRL-master/PokerRL/__init__.py:3: in <module>
    from . import cfr
../../PokerRL-master/PokerRL/cfr/__init__.py:1: in <module>
    from .CFRPlus import *
../../PokerRL-master/PokerRL/cfr/CFRPlus.py:6: in <module>
    from PokerRL.cfr._CFRBase import CFRBase as _CFRBase
../../PokerRL-master/PokerRL/cfr/_CFRBase.py:8: in <module>
    from PokerRL.game._.tree.PublicTree import PublicTree
../../PokerRL-master/PokerRL/game/__init__.py:7: in <module>
    from .games import StandardLeduc, BigLeduc, NoLimitLeduc, DiscretizedNLLeduc, LimitHoldem, NoLimitHoldem, \
../../PokerRL-master/PokerRL/game/games.py:10: in <module>
    from PokerRL.game._.rl_env.poker_types.DiscretizedPokerEnv import DiscretizedPokerEnv
../../PokerRL-master/PokerRL/game/_/rl_env/poker_types/DiscretizedPokerEnv.py:9: in <module>
    from PokerRL.game._.rl_env.base.PokerEnv import PokerEnv as _PokerEnv
../../PokerRL-master/PokerRL/game/_/rl_env/base/PokerEnv.py:8: in <module>
    from gym import spaces
E   ModuleNotFoundError: No module named 'gym'
=========================== short test summary info ============================
ERROR ../../PokerRL-master/test/game/test_pokerEnv.py
!!!!!!!!!!!!!!!!!!!! Interrupted: 1 error during collection !!!!!!!!!!!!!!!!!!!!
============================== 1 error in 14.12s ===============================
============================= test session starts ==============================
platform darwin -- Python 3.9.15, pytest-7.2.0, pluggy-1.0.0
rootdir: /Users/tanishakore/Desktop/IntSys/infra/cds-infrastructure/PokerRL-master
collected 0 items / 1 error

==================================== ERRORS ====================================
___________________ ERROR collecting test/game/test_Deck.py ____________________
ImportError while importing test module '/Users/tanishakore/Desktop/IntSys/infra/cds-infrastructure/PokerRL-master/test/game/test_Deck.py'.
Hint: make sure your test modules/packages have valid Python names.
Traceback:
/usr/local/Cellar/python@3.9/3.9.15/Frameworks/Python.framework/Versions/3.9/lib/python3.9/importlib/__init__.py:127: in import_module
    return _bootstrap._gcd_import(name[level:], package, level)
../../PokerRL-master/test/game/test_Deck.py:7: in <module>
    from PokerRL.game._.rl_env.base._Deck import DeckOfCards
../../PokerRL-master/PokerRL/__init__.py:3: in <module>
    from . import cfr
../../PokerRL-master/PokerRL/cfr/__init__.py:1: in <module>
    from .CFRPlus import *
../../PokerRL-master/PokerRL/cfr/CFRPlus.py:6: in <module>
    from PokerRL.cfr._CFRBase import CFRBase as _CFRBase
../../PokerRL-master/PokerRL/cfr/_CFRBase.py:8: in <module>
    from PokerRL.game._.tree.PublicTree import PublicTree
../../PokerRL-master/PokerRL/game/__init__.py:7: in <module>
    from .games import StandardLeduc, BigLeduc, NoLimitLeduc, DiscretizedNLLeduc, LimitHoldem, NoLimitHoldem, \
../../PokerRL-master/PokerRL/game/games.py:10: in <module>
    from PokerRL.game._.rl_env.poker_types.DiscretizedPokerEnv import DiscretizedPokerEnv
../../PokerRL-master/PokerRL/game/_/rl_env/poker_types/DiscretizedPokerEnv.py:9: in <module>
    from PokerRL.game._.rl_env.base.PokerEnv import PokerEnv as _PokerEnv
../../PokerRL-master/PokerRL/game/_/rl_env/base/PokerEnv.py:8: in <module>
    from gym import spaces
E   ModuleNotFoundError: No module named 'gym'
=========================== short test summary info ============================
ERROR ../../PokerRL-master/test/game/test_Deck.py
!!!!!!!!!!!!!!!!!!!! Interrupted: 1 error during collection !!!!!!!!!!!!!!!!!!!!
=============================== 1 error in 0.90s ===============================
============================= test session starts ==============================
platform darwin -- Python 3.9.15, pytest-7.2.0, pluggy-1.0.0
rootdir: /Users/tanishakore/Desktop/IntSys/infra/cds-infrastructure/PokerRL-master
collected 0 items / 1 error

==================================== ERRORS ====================================
_______________ ERROR collecting test/game/test_look_up_table.py _______________
ImportError while importing test module '/Users/tanishakore/Desktop/IntSys/infra/cds-infrastructure/PokerRL-master/test/game/test_look_up_table.py'.
Hint: make sure your test modules/packages have valid Python names.
Traceback:
/usr/local/Cellar/python@3.9/3.9.15/Frameworks/Python.framework/Versions/3.9/lib/python3.9/importlib/__init__.py:127: in import_module
    return _bootstrap._gcd_import(name[level:], package, level)
../../PokerRL-master/test/game/test_look_up_table.py:9: in <module>
    from PokerRL.game.Poker import Poker
../../PokerRL-master/PokerRL/__init__.py:3: in <module>
    from . import cfr
../../PokerRL-master/PokerRL/cfr/__init__.py:1: in <module>
    from .CFRPlus import *
../../PokerRL-master/PokerRL/cfr/CFRPlus.py:6: in <module>
    from PokerRL.cfr._CFRBase import CFRBase as _CFRBase
../../PokerRL-master/PokerRL/cfr/_CFRBase.py:8: in <module>
    from PokerRL.game._.tree.PublicTree import PublicTree
../../PokerRL-master/PokerRL/game/__init__.py:7: in <module>
    from .games import StandardLeduc, BigLeduc, NoLimitLeduc, DiscretizedNLLeduc, LimitHoldem, NoLimitHoldem, \
../../PokerRL-master/PokerRL/game/games.py:10: in <module>
    from PokerRL.game._.rl_env.poker_types.DiscretizedPokerEnv import DiscretizedPokerEnv
../../PokerRL-master/PokerRL/game/_/rl_env/poker_types/DiscretizedPokerEnv.py:9: in <module>
    from PokerRL.game._.rl_env.base.PokerEnv import PokerEnv as _PokerEnv
../../PokerRL-master/PokerRL/game/_/rl_env/base/PokerEnv.py:8: in <module>
    from gym import spaces
E   ModuleNotFoundError: No module named 'gym'
=========================== short test summary info ============================
ERROR ../../PokerRL-master/test/game/test_look_up_table.py
!!!!!!!!!!!!!!!!!!!! Interrupted: 1 error during collection !!!!!!!!!!!!!!!!!!!!
=============================== 1 error in 0.76s ===============================
============================= test session starts ==============================
platform darwin -- Python 3.9.15, pytest-7.2.0, pluggy-1.0.0
rootdir: /Users/tanishakore/Desktop/IntSys/infra/cds-infrastructure/PokerRL-master
collected 0 items / 1 error

==================================== ERRORS ====================================
___________________ ERROR collecting test/game/test_tree.py ____________________
ImportError while importing test module '/Users/tanishakore/Desktop/IntSys/infra/cds-infrastructure/PokerRL-master/test/game/test_tree.py'.
Hint: make sure your test modules/packages have valid Python names.
Traceback:
/usr/local/Cellar/python@3.9/3.9.15/Frameworks/Python.framework/Versions/3.9/lib/python3.9/importlib/__init__.py:127: in import_module
    return _bootstrap._gcd_import(name[level:], package, level)
../../PokerRL-master/test/game/test_tree.py:9: in <module>
    from PokerRL.game._.tree.PublicTree import PublicTree
../../PokerRL-master/PokerRL/__init__.py:3: in <module>
    from . import cfr
../../PokerRL-master/PokerRL/cfr/__init__.py:1: in <module>
    from .CFRPlus import *
../../PokerRL-master/PokerRL/cfr/CFRPlus.py:6: in <module>
    from PokerRL.cfr._CFRBase import CFRBase as _CFRBase
../../PokerRL-master/PokerRL/cfr/_CFRBase.py:8: in <module>
    from PokerRL.game._.tree.PublicTree import PublicTree
../../PokerRL-master/PokerRL/game/__init__.py:7: in <module>
    from .games import StandardLeduc, BigLeduc, NoLimitLeduc, DiscretizedNLLeduc, LimitHoldem, NoLimitHoldem, \
../../PokerRL-master/PokerRL/game/games.py:10: in <module>
    from PokerRL.game._.rl_env.poker_types.DiscretizedPokerEnv import DiscretizedPokerEnv
../../PokerRL-master/PokerRL/game/_/rl_env/poker_types/DiscretizedPokerEnv.py:9: in <module>
    from PokerRL.game._.rl_env.base.PokerEnv import PokerEnv as _PokerEnv
../../PokerRL-master/PokerRL/game/_/rl_env/base/PokerEnv.py:8: in <module>
    from gym import spaces
E   ModuleNotFoundError: No module named 'gym'
=========================== short test summary info ============================
ERROR ../../PokerRL-master/test/game/test_tree.py
!!!!!!!!!!!!!!!!!!!! Interrupted: 1 error during collection !!!!!!!!!!!!!!!!!!!!
=============================== 1 error in 0.50s ===============================
============================= test session starts ==============================
platform darwin -- Python 3.9.15, pytest-7.2.0, pluggy-1.0.0
rootdir: /Users/tanishakore/Desktop/IntSys/infra/cds-infrastructure/PokerRL-master
collected 0 items / 1 error

==================================== ERRORS ====================================
_______________ ERROR collecting test/game/test_rangeManager.py ________________
ImportError while importing test module '/Users/tanishakore/Desktop/IntSys/infra/cds-infrastructure/PokerRL-master/test/game/test_rangeManager.py'.
Hint: make sure your test modules/packages have valid Python names.
Traceback:
/usr/local/Cellar/python@3.9/3.9.15/Frameworks/Python.framework/Versions/3.9/lib/python3.9/importlib/__init__.py:127: in import_module
    return _bootstrap._gcd_import(name[level:], package, level)
../../PokerRL-master/test/game/test_rangeManager.py:9: in <module>
    from PokerRL.game.Poker import Poker
../../PokerRL-master/PokerRL/__init__.py:3: in <module>
    from . import cfr
../../PokerRL-master/PokerRL/cfr/__init__.py:1: in <module>
    from .CFRPlus import *
../../PokerRL-master/PokerRL/cfr/CFRPlus.py:6: in <module>
    from PokerRL.cfr._CFRBase import CFRBase as _CFRBase
../../PokerRL-master/PokerRL/cfr/_CFRBase.py:8: in <module>
    from PokerRL.game._.tree.PublicTree import PublicTree
../../PokerRL-master/PokerRL/game/__init__.py:7: in <module>
    from .games import StandardLeduc, BigLeduc, NoLimitLeduc, DiscretizedNLLeduc, LimitHoldem, NoLimitHoldem, \
../../PokerRL-master/PokerRL/game/games.py:10: in <module>
    from PokerRL.game._.rl_env.poker_types.DiscretizedPokerEnv import DiscretizedPokerEnv
../../PokerRL-master/PokerRL/game/_/rl_env/poker_types/DiscretizedPokerEnv.py:9: in <module>
    from PokerRL.game._.rl_env.base.PokerEnv import PokerEnv as _PokerEnv
../../PokerRL-master/PokerRL/game/_/rl_env/base/PokerEnv.py:8: in <module>
    from gym import spaces
E   ModuleNotFoundError: No module named 'gym'
=========================== short test summary info ============================
ERROR ../../PokerRL-master/test/game/test_rangeManager.py
!!!!!!!!!!!!!!!!!!!! Interrupted: 1 error during collection !!!!!!!!!!!!!!!!!!!!
=============================== 1 error in 0.90s ===============================
============================= test session starts ==============================
platform darwin -- Python 3.9.15, pytest-7.2.0, pluggy-1.0.0
rootdir: /Users/tanishakore/Desktop/IntSys/infra/cds-infrastructure/PokerRL-master
collected 0 items / 1 error

==================================== ERRORS ====================================
________________ ERROR collecting test/game/test_CppLibPoker.py ________________
ImportError while importing test module '/Users/tanishakore/Desktop/IntSys/infra/cds-infrastructure/PokerRL-master/test/game/test_CppLibPoker.py'.
Hint: make sure your test modules/packages have valid Python names.
Traceback:
/usr/local/Cellar/python@3.9/3.9.15/Frameworks/Python.framework/Versions/3.9/lib/python3.9/importlib/__init__.py:127: in import_module
    return _bootstrap._gcd_import(name[level:], package, level)
../../PokerRL-master/test/game/test_CppLibPoker.py:9: in <module>
    from PokerRL.game._.cpp_wrappers.CppHandeval import CppHandeval
../../PokerRL-master/PokerRL/__init__.py:3: in <module>
    from . import cfr
../../PokerRL-master/PokerRL/cfr/__init__.py:1: in <module>
    from .CFRPlus import *
../../PokerRL-master/PokerRL/cfr/CFRPlus.py:6: in <module>
    from PokerRL.cfr._CFRBase import CFRBase as _CFRBase
../../PokerRL-master/PokerRL/cfr/_CFRBase.py:8: in <module>
    from PokerRL.game._.tree.PublicTree import PublicTree
../../PokerRL-master/PokerRL/game/__init__.py:7: in <module>
    from .games import StandardLeduc, BigLeduc, NoLimitLeduc, DiscretizedNLLeduc, LimitHoldem, NoLimitHoldem, \
../../PokerRL-master/PokerRL/game/games.py:10: in <module>
    from PokerRL.game._.rl_env.poker_types.DiscretizedPokerEnv import DiscretizedPokerEnv
../../PokerRL-master/PokerRL/game/_/rl_env/poker_types/DiscretizedPokerEnv.py:9: in <module>
    from PokerRL.game._.rl_env.base.PokerEnv import PokerEnv as _PokerEnv
../../PokerRL-master/PokerRL/game/_/rl_env/base/PokerEnv.py:8: in <module>
    from gym import spaces
E   ModuleNotFoundError: No module named 'gym'
=========================== short test summary info ============================
ERROR ../../PokerRL-master/test/game/test_CppLibPoker.py
!!!!!!!!!!!!!!!!!!!! Interrupted: 1 error during collection !!!!!!!!!!!!!!!!!!!!
=============================== 1 error in 0.99s ===============================
============================= test session starts ==============================
platform darwin -- Python 3.9.15, pytest-7.2.0, pluggy-1.0.0
rootdir: /Users/tanishakore/Desktop/IntSys/infra/cds-infrastructure/PokerRL-master
collected 0 items / 1 error

==================================== ERRORS ====================================
____________________ ERROR collecting test/cfr/test_cfr.py _____________________
ImportError while importing test module '/Users/tanishakore/Desktop/IntSys/infra/cds-infrastructure/PokerRL-master/test/cfr/test_cfr.py'.
Hint: make sure your test modules/packages have valid Python names.
Traceback:
/usr/local/Cellar/python@3.9/3.9.15/Frameworks/Python.framework/Versions/3.9/lib/python3.9/importlib/__init__.py:127: in import_module
    return _bootstrap._gcd_import(name[level:], package, level)
../../PokerRL-master/test/cfr/test_cfr.py:7: in <module>
    from PokerRL.cfr.CFRPlus import CFRPlus
../../PokerRL-master/PokerRL/__init__.py:3: in <module>
    from . import cfr
../../PokerRL-master/PokerRL/cfr/__init__.py:1: in <module>
    from .CFRPlus import *
../../PokerRL-master/PokerRL/cfr/CFRPlus.py:6: in <module>
    from PokerRL.cfr._CFRBase import CFRBase as _CFRBase
../../PokerRL-master/PokerRL/cfr/_CFRBase.py:8: in <module>
    from PokerRL.game._.tree.PublicTree import PublicTree
../../PokerRL-master/PokerRL/game/__init__.py:7: in <module>
    from .games import StandardLeduc, BigLeduc, NoLimitLeduc, DiscretizedNLLeduc, LimitHoldem, NoLimitHoldem, \
../../PokerRL-master/PokerRL/game/games.py:10: in <module>
    from PokerRL.game._.rl_env.poker_types.DiscretizedPokerEnv import DiscretizedPokerEnv
../../PokerRL-master/PokerRL/game/_/rl_env/poker_types/DiscretizedPokerEnv.py:9: in <module>
    from PokerRL.game._.rl_env.base.PokerEnv import PokerEnv as _PokerEnv
../../PokerRL-master/PokerRL/game/_/rl_env/base/PokerEnv.py:8: in <module>
    from gym import spaces
E   ModuleNotFoundError: No module named 'gym'
=========================== short test summary info ============================
ERROR ../../PokerRL-master/test/cfr/test_cfr.py
!!!!!!!!!!!!!!!!!!!! Interrupted: 1 error during collection !!!!!!!!!!!!!!!!!!!!
=============================== 1 error in 0.41s ===============================
============================= test session starts ==============================
platform darwin -- Python 3.9.15, pytest-7.2.0, pluggy-1.0.0
rootdir: /Users/tanishakore/Desktop/IntSys/infra/cds-infrastructure/PokerRL-master
collected 0 items

============================ no tests ran in 0.00s =============================
